<?xml version="1.0" encoding="UTF-8"?>
<testsuite xmlns:xsi="http://www.w3.org/2001/XMLSchema-instance" xsi:noNamespaceSchemaLocation="https://maven.apache.org/surefire/maven-surefire-plugin/xsd/surefire-test-report-3.0.xsd" version="3.0" name="com.suchitkumar.java.speaking_clock_test.SpeakingClockTest" time="0.105" tests="19" errors="0" skipped="0" failures="19">
  <properties>
[...]
</properties>
  <testcase name="convertReturnsAmTime" classname="com.suchitkumar.java.speaking_clock_test.SpeakingClockTest" time="0.032">
    <failure message="&#10;Expected: is (not null and an instance of java.lang.String and &quot;It&apos;s eight thirty four&quot;)&#10;     got: &quot;08:34&quot;&#10;" type="java.lang.AssertionError"><![CDATA[java.lang.AssertionError: 

Expected: is (not null and an instance of java.lang.String and "It's eight thirty four")
     got: "08:34"

	at com.suchitkumar.java.speaking_clock_test.SpeakingClockTest.convertReturnsAmTime(SpeakingClockTest.java:31)
]]></failure>
  </testcase>
  <testcase name="convertReturnsMidnight" classname="com.suchitkumar.java.speaking_clock_test.SpeakingClockTest" time="0">
    <failure message="&#10;Expected: is (not null and an instance of java.lang.String and &quot;It&apos;s Midnight&quot;)&#10;     got: &quot;00:00&quot;&#10;" type="java.lang.AssertionError"><![CDATA[java.lang.AssertionError: 

Expected: is (not null and an instance of java.lang.String and "It's Midnight")
     got: "00:00"

	at com.suchitkumar.java.speaking_clock_test.SpeakingClockTest.convertReturnsMidnight(SpeakingClockTest.java:40)
]]></failure>
  </testcase>
  <testcase name="convertReturnsMidday" classname="com.suchitkumar.java.speaking_clock_test.SpeakingClockTest" time="0">
    <failure message="&#10;Expected: is (not null and an instance of java.lang.String and &quot;It&apos;s Midday&quot;)&#10;     got: &quot;12:00&quot;&#10;" type="java.lang.AssertionError"><![CDATA[java.lang.AssertionError: 

Expected: is (not null and an instance of java.lang.String and "It's Midday")
     got: "12:00"

	at com.suchitkumar.java.speaking_clock_test.SpeakingClockTest.convertReturnsMidday(SpeakingClockTest.java:49)
]]></failure>
  </testcase>
  <testcase name="convertReturnsJustBeforeMidnight" classname="com.suchitkumar.java.speaking_clock_test.SpeakingClockTest" time="0">
    <failure message="&#10;Expected: is (not null and an instance of java.lang.String and &quot;It&apos;s twenty three fifty nine&quot;)&#10;     got: &quot;23:59&quot;&#10;" type="java.lang.AssertionError"><![CDATA[java.lang.AssertionError: 

Expected: is (not null and an instance of java.lang.String and "It's twenty three fifty nine")
     got: "23:59"

	at com.suchitkumar.java.speaking_clock_test.SpeakingClockTest.convertReturnsJustBeforeMidnight(SpeakingClockTest.java:58)
]]></failure>
  </testcase>
  <testcase name="convertReturnsJustAfterMidnight" classname="com.suchitkumar.java.speaking_clock_test.SpeakingClockTest" time="0.003">
    <failure message="&#10;Expected: is (not null and an instance of java.lang.String and &quot;It&apos;s zero one&quot;)&#10;     got: &quot;00:01&quot;&#10;" type="java.lang.AssertionError"><![CDATA[java.lang.AssertionError: 

Expected: is (not null and an instance of java.lang.String and "It's zero one")
     got: "00:01"

	at com.suchitkumar.java.speaking_clock_test.SpeakingClockTest.convertReturnsJustAfterMidnight(SpeakingClockTest.java:67)
]]></failure>
  </testcase>
  <testcase name="convertReturnsJustAfterMidday" classname="com.suchitkumar.java.speaking_clock_test.SpeakingClockTest" time="0.003">
    <failure message="&#10;Expected: is (not null and an instance of java.lang.String and &quot;It&apos;s twelve one&quot;)&#10;     got: &quot;12:01&quot;&#10;" type="java.lang.AssertionError"><![CDATA[java.lang.AssertionError: 

Expected: is (not null and an instance of java.lang.String and "It's twelve one")
     got: "12:01"

	at com.suchitkumar.java.speaking_clock_test.SpeakingClockTest.convertReturnsJustAfterMidday(SpeakingClockTest.java:85)
]]></failure>
  </testcase>
  <testcase name="convertReturnsJustBeforeMidday" classname="com.suchitkumar.java.speaking_clock_test.SpeakingClockTest" time="0.003">
    <failure message="&#10;Expected: is (not null and an instance of java.lang.String and &quot;It&apos;s eleven fifty nine&quot;)&#10;     got: &quot;11:59&quot;&#10;" type="java.lang.AssertionError"><![CDATA[java.lang.AssertionError: 

Expected: is (not null and an instance of java.lang.String and "It's eleven fifty nine")
     got: "11:59"

	at com.suchitkumar.java.speaking_clock_test.SpeakingClockTest.convertReturnsJustBeforeMidday(SpeakingClockTest.java:76)
]]></failure>
  </testcase>
  <testcase name="convertReturnsInvalidHours" classname="com.suchitkumar.java.speaking_clock_test.SpeakingClockTest" time="0.002">
    <failure message="Expected exception: com.suchitkumar.java.speaking_clock_application.Exception.SpeakingClockTimeException" type="java.lang.AssertionError"><![CDATA[java.lang.AssertionError: Expected exception: com.suchitkumar.java.speaking_clock_application.Exception.SpeakingClockTimeException
]]></failure>
  </testcase>
  <testcase name="convertReturnsBlankHours" classname="com.suchitkumar.java.speaking_clock_test.SpeakingClockTest" time="0.001">
    <failure message="Expected exception: com.suchitkumar.java.speaking_clock_application.Exception.SpeakingClockTimeException" type="java.lang.AssertionError"><![CDATA[java.lang.AssertionError: Expected exception: com.suchitkumar.java.speaking_clock_application.Exception.SpeakingClockTimeException
]]></failure>
  </testcase>
  <testcase name="convertReturnsMinutesLessRange" classname="com.suchitkumar.java.speaking_clock_test.SpeakingClockTest" time="0.001">
    <failure message="Expected exception: com.suchitkumar.java.speaking_clock_application.Exception.SpeakingClockTimeException" type="java.lang.AssertionError"><![CDATA[java.lang.AssertionError: Expected exception: com.suchitkumar.java.speaking_clock_application.Exception.SpeakingClockTimeException
]]></failure>
  </testcase>
  <testcase name="convertReturnsBlankMinutes" classname="com.suchitkumar.java.speaking_clock_test.SpeakingClockTest" time="0.001">
    <failure message="Expected exception: com.suchitkumar.java.speaking_clock_application.Exception.SpeakingClockTimeException" type="java.lang.AssertionError"><![CDATA[java.lang.AssertionError: Expected exception: com.suchitkumar.java.speaking_clock_application.Exception.SpeakingClockTimeException
]]></failure>
  </testcase>
  <testcase name="convertReturnsBlankTime" classname="com.suchitkumar.java.speaking_clock_test.SpeakingClockTest" time="0.001">
    <failure message="Expected exception: com.suchitkumar.java.speaking_clock_application.Exception.SpeakingClockTimeException" type="java.lang.AssertionError"><![CDATA[java.lang.AssertionError: Expected exception: com.suchitkumar.java.speaking_clock_application.Exception.SpeakingClockTimeException
]]></failure>
  </testcase>
  <testcase name="convertReturnsHoursMoreThanRange" classname="com.suchitkumar.java.speaking_clock_test.SpeakingClockTest" time="0.001">
    <failure message="Expected exception: com.suchitkumar.java.speaking_clock_application.Exception.SpeakingClockTimeException" type="java.lang.AssertionError"><![CDATA[java.lang.AssertionError: Expected exception: com.suchitkumar.java.speaking_clock_application.Exception.SpeakingClockTimeException
]]></failure>
  </testcase>
  <testcase name="convertReturnsInvalidMinutes" classname="com.suchitkumar.java.speaking_clock_test.SpeakingClockTest" time="0">
    <failure message="Expected exception: com.suchitkumar.java.speaking_clock_application.Exception.SpeakingClockTimeException" type="java.lang.AssertionError"><![CDATA[java.lang.AssertionError: Expected exception: com.suchitkumar.java.speaking_clock_application.Exception.SpeakingClockTimeException
]]></failure>
  </testcase>
  <testcase name="convertReturnsHoursLessRange" classname="com.suchitkumar.java.speaking_clock_test.SpeakingClockTest" time="0">
    <failure message="Expected exception: com.suchitkumar.java.speaking_clock_application.Exception.SpeakingClockTimeException" type="java.lang.AssertionError"><![CDATA[java.lang.AssertionError: Expected exception: com.suchitkumar.java.speaking_clock_application.Exception.SpeakingClockTimeException
]]></failure>
  </testcase>
  <testcase name="convertReturnsOnePm" classname="com.suchitkumar.java.speaking_clock_test.SpeakingClockTest" time="0.002">
    <failure message="&#10;Expected: is (not null and an instance of java.lang.String and &quot;It&apos;s thirteen zero&quot;)&#10;     got: &quot;13:00&quot;&#10;" type="java.lang.AssertionError"><![CDATA[java.lang.AssertionError: 

Expected: is (not null and an instance of java.lang.String and "It's thirteen zero")
     got: "13:00"

	at com.suchitkumar.java.speaking_clock_test.SpeakingClockTest.convertReturnsOnePm(SpeakingClockTest.java:94)
]]></failure>
  </testcase>
  <testcase name="convertReturnsTimeWithOneDigitLess" classname="com.suchitkumar.java.speaking_clock_test.SpeakingClockTest" time="0.001">
    <failure message="Expected exception: com.suchitkumar.java.speaking_clock_application.Exception.SpeakingClockTimeException" type="java.lang.AssertionError"><![CDATA[java.lang.AssertionError: Expected exception: com.suchitkumar.java.speaking_clock_application.Exception.SpeakingClockTimeException
]]></failure>
  </testcase>
  <testcase name="convertReturnsTimeWithoutSeparator" classname="com.suchitkumar.java.speaking_clock_test.SpeakingClockTest" time="0.002">
    <failure message="Expected exception: com.suchitkumar.java.speaking_clock_application.Exception.SpeakingClockTimeException" type="java.lang.AssertionError"><![CDATA[java.lang.AssertionError: Expected exception: com.suchitkumar.java.speaking_clock_application.Exception.SpeakingClockTimeException
]]></failure>
  </testcase>
  <testcase name="convertReturnsMinutesMoreThanRange" classname="com.suchitkumar.java.speaking_clock_test.SpeakingClockTest" time="0.001">
    <failure message="Expected exception: com.suchitkumar.java.speaking_clock_application.Exception.SpeakingClockTimeException" type="java.lang.AssertionError"><![CDATA[java.lang.AssertionError: Expected exception: com.suchitkumar.java.speaking_clock_application.Exception.SpeakingClockTimeException
]]></failure>
  </testcase>
</testsuite>